<?xml version="1.0" encoding="UTF-8"?>
<!-- Generated by org.testng.reporters.JUnitReportReporter -->
<testsuite hostname="GBRWS-24" failures="0" tests="1" name="com.lennox.qa.testcases.SalesTools.BuildAProposalTest" time="65.012" errors="0" timestamp="2020-12-24T14:12:25 EST" skipped="0">
  <testcase classname="com.lennox.qa.testcases.SalesTools.BuildAProposalTest" name="touchesWorkflowTest" time="65.012"/>
  <system-out/>
</testsuite> <!-- com.lennox.qa.testcases.SalesTools.BuildAProposalTest -->
