<?xml version="1.0" encoding="UTF-8"?>
<!-- Generated by org.testng.reporters.JUnitReportReporter -->
<testsuite hostname="GBRWS-24" failures="0" tests="1" name="com.salesforce.qa.testcases.Cadence.BuildAProposalTest" time="70.131" errors="0" timestamp="2020-12-24T13:48:03 EST" skipped="0">
  <testcase classname="com.salesforce.qa.testcases.Cadence.BuildAProposalTest" name="touchesWorkflowTest" time="70.131"/>
  <system-out/>
</testsuite> <!-- com.salesforce.qa.testcases.Cadence.BuildAProposalTest -->
